<?xml version="1.0" encoding="UTF-8"?>
<Site BuildName="(empty)"
	BuildStamp="20251213-1749-Experimental"
	Name="mario"
	Generator="ctest-3.22.1"
	CompilerName="/usr/bin/g++"
	CompilerVersion="11.4.0"
	OSName="Linux"
	Hostname="mario"
	OSRelease="6.8.0-90-generic"
	OSVersion="#91~22.04.1-Ubuntu SMP PREEMPT_DYNAMIC Thu Nov 20 15:20:45 UTC 2"
	OSPlatform="x86_64"
	Is64Bits="1"
	VendorString="GenuineIntel"
	VendorID="Intel Corporation"
	FamilyID="6"
	ModelID="42"
	ProcessorCacheSize="2048"
	NumberOfLogicalCPU="2"
	NumberOfPhysicalCPU="2"
	TotalVirtualMemory="6845"
	TotalPhysicalMemory="15882"
	LogicalProcessorsPerPhysical="1"
	ProcessorClockFrequency="2095.23"
	>
	<Testing>
		<StartDateTime>Dec 13 19:49 EET</StartDateTime>
		<StartTestTime>1765648174</StartTestTime>
		<TestList/>
		<EndDateTime>Dec 13 19:49 EET</EndDateTime>
		<EndTestTime>1765648174</EndTestTime>
		<ElapsedMinutes>0</ElapsedMinutes>
	</Testing>
</Site>
