<?xml version="1.0" encoding="UTF-8"?>
<Site BuildName="(empty)"
	BuildStamp="20251208-1739-Experimental"
	Name="mario"
	Generator="ctest-3.22.1"
	CompilerName="/usr/bin/g++"
	CompilerVersion="11.4.0"
	OSName="Linux"
	Hostname="mario"
	OSRelease="6.8.0-87-generic"
	OSVersion="#88~22.04.1-Ubuntu SMP PREEMPT_DYNAMIC Tue Oct 14 14:03:14 UTC 2"
	OSPlatform="x86_64"
	Is64Bits="1"
	VendorString="GenuineIntel"
	VendorID="Intel Corporation"
	FamilyID="6"
	ModelID="42"
	ProcessorCacheSize="2048"
	NumberOfLogicalCPU="2"
	NumberOfPhysicalCPU="2"
	TotalVirtualMemory="6845"
	TotalPhysicalMemory="15882"
	LogicalProcessorsPerPhysical="1"
	ProcessorClockFrequency="1596.39"
	>
	<Testing>
		<StartDateTime>Dec 08 23:56 EET</StartDateTime>
		<StartTestTime>1765230983</StartTestTime>
		<TestList/>
		<EndDateTime>Dec 08 23:56 EET</EndDateTime>
		<EndTestTime>1765230983</EndTestTime>
		<ElapsedMinutes>0</ElapsedMinutes>
	</Testing>
</Site>
